# JRE version: OpenJDK Runtime Environment (11.0.8+10) (build 11.0.8+10-b944.6842174)
# Java VM: OpenJDK 64-Bit Server VM (11.0.8+10-b944.6842174, mixed mode, tiered, compressed oops, g1 gc, windows-amd64)
Heap:
 garbage-first heap   total 131072K, used 44277K [0x0000000080000000, 0x0000000100000000)
  region size 1024K, 27 young (27648K), 7 survivors (7168K)
 Metaspace       used 43356K, capacity 44291K, committed 44620K, reserved 1087488K
  class space    used 5577K, capacity 5903K, committed 6016K, reserved 1048576K
GC Heap History (16 events):
Event: 1.318 GC heap before
{Heap before GC invocations=0 (full 0):
 garbage-first heap   total 131072K, used 19456K [0x0000000080000000, 0x0000000100000000)
  region size 1024K, 14 young (14336K), 0 survivors (0K)
 Metaspace       used 7455K, capacity 7615K, committed 7680K, reserved 1056768K
  class space    used 683K, capacity 748K, committed 768K, reserved 1048576K
}
Event: 1.333 GC heap after
{Heap after GC invocations=1 (full 0):
 garbage-first heap   total 131072K, used 7960K [0x0000000080000000, 0x0000000100000000)
  region size 1024K, 2 young (2048K), 2 survivors (2048K)
 Metaspace       used 7455K, capacity 7615K, committed 7680K, reserved 1056768K
  class space    used 683K, capacity 748K, committed 768K, reserved 1048576K
}
Event: 3.814 GC heap before
{Heap before GC invocations=1 (full 0):
 garbage-first heap   total 131072K, used 19224K [0x0000000080000000, 0x0000000100000000)
  region size 1024K, 13 young (13312K), 2 survivors (2048K)
 Metaspace       used 10815K, capacity 11021K, committed 11264K, reserved 1058816K
  class space    used 1145K, capacity 1203K, committed 1280K, reserved 1048576K
}
Event: 3.819 GC heap after
{Heap after GC invocations=2 (full 0):
 garbage-first heap   total 131072K, used 8721K [0x0000000080000000, 0x0000000100000000)
  region size 1024K, 1 young (1024K), 1 survivors (1024K)
 Metaspace       used 10815K, capacity 11021K, committed 11264K, reserved 1058816K
  class space    used 1145K, capacity 1203K, committed 1280K, reserved 1048576K
}
Event: 4.673 GC heap before
{Heap before GC invocations=2 (full 0):
 garbage-first heap   total 131072K, used 34321K [0x0000000080000000, 0x0000000100000000)
  region size 1024K, 27 young (27648K), 1 survivors (1024K)
 Metaspace       used 10971K, capacity 11150K, committed 11264K, reserved 1058816K
  class space    used 1145K, capacity 1203K, committed 1280K, reserved 1048576K
}
Event: 4.683 GC heap after
{Heap after GC invocations=3 (full 0):
 garbage-first heap   total 131072K, used 12068K [0x0000000080000000, 0x0000000100000000)
  region size 1024K, 4 young (4096K), 4 survivors (4096K)
 Metaspace       used 10971K, capacity 11150K, committed 11264K, reserved 1058816K
  class space    used 1145K, capacity 1203K, committed 1280K, reserved 1048576K
}
Event: 11.047 GC heap before
{Heap before GC invocations=3 (full 0):
 garbage-first heap   total 131072K, used 50980K [0x0000000080000000, 0x0000000100000000)
  region size 1024K, 42 young (43008K), 4 survivors (4096K)
 Metaspace       used 18120K, capacity 18534K, committed 18688K, reserved 1064960K
  class space    used 2163K, capacity 2294K, committed 2304K, reserved 1048576K
}
Event: 11.057 GC heap after
{Heap after GC invocations=4 (full 0):
 garbage-first heap   total 131072K, used 15505K [0x0000000080000000, 0x0000000100000000)
  region size 1024K, 4 young (4096K), 4 survivors (4096K)
 Metaspace       used 18120K, capacity 18534K, committed 18688K, reserved 1064960K
  class space    used 2163K, capacity 2294K, committed 2304K, reserved 1048576K
}
Event: 13.123 GC heap before
{Heap before GC invocations=4 (full 0):
 garbage-first heap   total 131072K, used 32913K [0x0000000080000000, 0x0000000100000000)
  region size 1024K, 22 young (22528K), 4 survivors (4096K)
 Metaspace       used 20609K, capacity 21115K, committed 21248K, reserved 1067008K
  class space    used 2528K, capacity 2712K, committed 2816K, reserved 1048576K
}
Event: 13.131 GC heap after
{Heap after GC invocations=5 (full 0):
 garbage-first heap   total 131072K, used 16167K [0x0000000080000000, 0x0000000100000000)
  region size 1024K, 5 young (5120K), 5 survivors (5120K)
 Metaspace       used 20609K, capacity 21115K, committed 21248K, reserved 1067008K
  class space    used 2528K, capacity 2712K, committed 2816K, reserved 1048576K
}
Event: 20.171 GC heap before
{Heap before GC invocations=6 (full 0):
 garbage-first heap   total 131072K, used 65319K [0x0000000080000000, 0x0000000100000000)
  region size 1024K, 54 young (55296K), 5 survivors (5120K)
 Metaspace       used 26274K, capacity 26873K, committed 27008K, reserved 1073152K
  class space    used 3431K, capacity 3634K, committed 3712K, reserved 1048576K
}
Event: 20.182 GC heap after
{Heap after GC invocations=7 (full 0):
 garbage-first heap   total 131072K, used 18114K [0x0000000080000000, 0x0000000100000000)
  region size 1024K, 3 young (3072K), 3 survivors (3072K)
 Metaspace       used 26274K, capacity 26873K, committed 27008K, reserved 1073152K
  class space    used 3431K, capacity 3634K, committed 3712K, reserved 1048576K
}
Event: 25.942 GC heap before
{Heap before GC invocations=7 (full 0):
 garbage-first heap   total 131072K, used 67266K [0x0000000080000000, 0x0000000100000000)
  region size 1024K, 52 young (53248K), 3 survivors (3072K)
 Metaspace       used 35104K, capacity 35829K, committed 35840K, reserved 1081344K
  class space    used 4561K, capacity 4854K, committed 4864K, reserved 1048576K
}
Event: 25.959 GC heap after
{Heap after GC invocations=8 (full 0):
 garbage-first heap   total 131072K, used 21168K [0x0000000080000000, 0x0000000100000000)
  region size 1024K, 6 young (6144K), 6 survivors (6144K)
 Metaspace       used 35104K, capacity 35829K, committed 35840K, reserved 1081344K
  class space    used 4561K, capacity 4854K, committed 4864K, reserved 1048576K
}
Event: 31.347 GC heap before
{Heap before GC invocations=9 (full 0):
 garbage-first heap   total 131072K, used 92848K [0x0000000080000000, 0x0000000100000000)
  region size 1024K, 73 young (74752K), 6 survivors (6144K)
 Metaspace       used 41582K, capacity 42436K, committed 42572K, reserved 1085440K
  class space    used 5339K, capacity 5642K, committed 5760K, reserved 1048576K
}
Event: 31.366 GC heap after
{Heap after GC invocations=10 (full 0):
 garbage-first heap   total 131072K, used 24821K [0x0000000080000000, 0x0000000100000000)
  region size 1024K, 7 young (7168K), 7 survivors (7168K)
 Metaspace       used 41582K, capacity 42436K, committed 42572K, reserved 1085440K
  class space    used 5339K, capacity 5642K, committed 5760K, reserved 1048576K
}

