# JRE version: OpenJDK Runtime Environment (11.0.8+10) (build 11.0.8+10-b944.6842174)
# Java VM: OpenJDK 64-Bit Server VM (11.0.8+10-b944.6842174, mixed mode, tiered, compressed oops, g1 gc, windows-amd64)
Heap:
 garbage-first heap   total 529408K, used 348672K [0x0000000080000000, 0x0000000100000000)
  region size 1024K, 54 young (55296K), 3 survivors (3072K)
 Metaspace       used 135457K, capacity 139062K, committed 139388K, reserved 1171456K
  class space    used 16264K, capacity 17551K, committed 17664K, reserved 1048576K
GC Heap History (20 events):
Event: 222.161 GC heap before
{Heap before GC invocations=106 (full 0):
 garbage-first heap   total 529408K, used 444263K [0x0000000080000000, 0x0000000100000000)
  region size 1024K, 218 young (223232K), 5 survivors (5120K)
 Metaspace       used 132776K, capacity 136292K, committed 136444K, reserved 1169408K
  class space    used 16024K, capacity 17268K, committed 17280K, reserved 1048576K
}
Event: 222.183 GC heap after
{Heap after GC invocations=107 (full 0):
 garbage-first heap   total 529408K, used 228711K [0x0000000080000000, 0x0000000100000000)
  region size 1024K, 7 young (7168K), 7 survivors (7168K)
 Metaspace       used 132776K, capacity 136292K, committed 136444K, reserved 1169408K
  class space    used 16024K, capacity 17268K, committed 17280K, reserved 1048576K
}
Event: 224.029 GC heap before
{Heap before GC invocations=107 (full 0):
 garbage-first heap   total 529408K, used 449895K [0x0000000080000000, 0x0000000100000000)
  region size 1024K, 222 young (227328K), 7 survivors (7168K)
 Metaspace       used 132812K, capacity 136293K, committed 136444K, reserved 1169408K
  class space    used 16024K, capacity 17268K, committed 17280K, reserved 1048576K
}
Event: 224.050 GC heap after
{Heap after GC invocations=108 (full 0):
 garbage-first heap   total 529408K, used 231783K [0x0000000080000000, 0x0000000100000000)
  region size 1024K, 10 young (10240K), 10 survivors (10240K)
 Metaspace       used 132812K, capacity 136293K, committed 136444K, reserved 1169408K
  class space    used 16024K, capacity 17268K, committed 17280K, reserved 1048576K
}
Event: 231.532 GC heap before
{Heap before GC invocations=108 (full 0):
 garbage-first heap   total 529408K, used 451943K [0x0000000080000000, 0x0000000100000000)
  region size 1024K, 225 young (230400K), 10 survivors (10240K)
 Metaspace       used 132814K, capacity 136293K, committed 136444K, reserved 1169408K
  class space    used 16025K, capacity 17268K, committed 17280K, reserved 1048576K
}
Event: 231.568 GC heap after
{Heap after GC invocations=109 (full 0):
 garbage-first heap   total 529408K, used 234855K [0x0000000080000000, 0x0000000100000000)
  region size 1024K, 13 young (13312K), 13 survivors (13312K)
 Metaspace       used 132814K, capacity 136293K, committed 136444K, reserved 1169408K
  class space    used 16025K, capacity 17268K, committed 17280K, reserved 1048576K
}
Event: 234.349 GC heap before
{Heap before GC invocations=109 (full 0):
 garbage-first heap   total 529408K, used 463207K [0x0000000080000000, 0x0000000100000000)
  region size 1024K, 228 young (233472K), 13 survivors (13312K)
 Metaspace       used 132866K, capacity 136419K, committed 136572K, reserved 1169408K
  class space    used 16036K, capacity 17287K, committed 17408K, reserved 1048576K
}
Event: 234.387 GC heap after
{Heap after GC invocations=110 (full 0):
 garbage-first heap   total 529408K, used 245095K [0x0000000080000000, 0x0000000100000000)
  region size 1024K, 23 young (23552K), 23 survivors (23552K)
 Metaspace       used 132866K, capacity 136419K, committed 136572K, reserved 1169408K
  class space    used 16036K, capacity 17287K, committed 17408K, reserved 1048576K
}
Event: 239.261 GC heap before
{Heap before GC invocations=110 (full 0):
 garbage-first heap   total 529408K, used 460135K [0x0000000080000000, 0x0000000100000000)
  region size 1024K, 228 young (233472K), 23 survivors (23552K)
 Metaspace       used 132882K, capacity 136422K, committed 136572K, reserved 1169408K
  class space    used 16036K, capacity 17287K, committed 17408K, reserved 1048576K
}
Event: 239.298 GC heap after
{Heap after GC invocations=111 (full 0):
 garbage-first heap   total 529408K, used 245071K [0x0000000080000000, 0x0000000100000000)
  region size 1024K, 15 young (15360K), 15 survivors (15360K)
 Metaspace       used 132882K, capacity 136422K, committed 136572K, reserved 1169408K
  class space    used 16036K, capacity 17287K, committed 17408K, reserved 1048576K
}
Event: 240.286 GC heap before
{Heap before GC invocations=111 (full 0):
 garbage-first heap   total 529408K, used 451919K [0x0000000080000000, 0x0000000100000000)
  region size 1024K, 214 young (219136K), 15 survivors (15360K)
 Metaspace       used 132891K, capacity 136423K, committed 136572K, reserved 1169408K
  class space    used 16036K, capacity 17287K, committed 17408K, reserved 1048576K
}
Event: 240.310 GC heap after
{Heap after GC invocations=112 (full 0):
 garbage-first heap   total 529408K, used 247039K [0x0000000080000000, 0x0000000100000000)
  region size 1024K, 14 young (14336K), 14 survivors (14336K)
 Metaspace       used 132891K, capacity 136423K, committed 136572K, reserved 1169408K
  class space    used 16036K, capacity 17287K, committed 17408K, reserved 1048576K
}
Event: 241.173 GC heap before
{Heap before GC invocations=112 (full 0):
 garbage-first heap   total 529408K, used 446719K [0x0000000080000000, 0x0000000100000000)
  region size 1024K, 209 young (214016K), 14 survivors (14336K)
 Metaspace       used 132897K, capacity 136427K, committed 136572K, reserved 1169408K
  class space    used 16036K, capacity 17288K, committed 17408K, reserved 1048576K
}
Event: 241.186 GC heap after
{Heap after GC invocations=113 (full 0):
 garbage-first heap   total 529408K, used 240895K [0x0000000080000000, 0x0000000100000000)
  region size 1024K, 8 young (8192K), 8 survivors (8192K)
 Metaspace       used 132897K, capacity 136427K, committed 136572K, reserved 1169408K
  class space    used 16036K, capacity 17288K, committed 17408K, reserved 1048576K
}
Event: 245.609 GC heap before
{Heap before GC invocations=113 (full 0):
 garbage-first heap   total 529408K, used 463103K [0x0000000080000000, 0x0000000100000000)
  region size 1024K, 214 young (219136K), 8 survivors (8192K)
 Metaspace       used 133365K, capacity 136845K, committed 137084K, reserved 1169408K
  class space    used 16084K, capacity 17333K, committed 17408K, reserved 1048576K
}
Event: 245.636 GC heap after
{Heap after GC invocations=114 (full 0):
 garbage-first heap   total 529408K, used 254048K [0x0000000080000000, 0x0000000100000000)
  region size 1024K, 15 young (15360K), 15 survivors (15360K)
 Metaspace       used 133365K, capacity 136845K, committed 137084K, reserved 1169408K
  class space    used 16084K, capacity 17333K, committed 17408K, reserved 1048576K
}
Event: 247.658 GC heap before
{Heap before GC invocations=114 (full 0):
 garbage-first heap   total 529408K, used 456800K [0x0000000080000000, 0x0000000100000000)
  region size 1024K, 203 young (207872K), 15 survivors (15360K)
 Metaspace       used 133834K, capacity 137372K, committed 137596K, reserved 1169408K
  class space    used 16124K, capacity 17358K, committed 17408K, reserved 1048576K
}
Event: 247.757 GC heap after
{Heap after GC invocations=115 (full 0):
 garbage-first heap   total 529408K, used 295072K [0x0000000080000000, 0x0000000100000000)
  region size 1024K, 26 young (26624K), 26 survivors (26624K)
 Metaspace       used 133834K, capacity 137372K, committed 137596K, reserved 1169408K
  class space    used 16124K, capacity 17358K, committed 17408K, reserved 1048576K
}
Event: 273.926 GC heap before
{Heap before GC invocations=115 (full 0):
 garbage-first heap   total 529408K, used 364704K [0x0000000080000000, 0x0000000100000000)
  region size 1024K, 95 young (97280K), 26 survivors (26624K)
 Metaspace       used 134625K, capacity 138125K, committed 138236K, reserved 1169408K
  class space    used 16172K, capacity 17434K, committed 17536K, reserved 1048576K
}
Event: 274.004 GC heap after
{Heap after GC invocations=116 (full 0):
 garbage-first heap   total 529408K, used 298496K [0x0000000080000000, 0x0000000100000000)
  region size 1024K, 3 young (3072K), 3 survivors (3072K)
 Metaspace       used 134625K, capacity 138125K, committed 138236K, reserved 1169408K
  class space    used 16172K, capacity 17434K, committed 17536K, reserved 1048576K
}

