# JRE version: OpenJDK Runtime Environment (11.0.8+10) (build 11.0.8+10-b944.6842174)
# Java VM: OpenJDK 64-Bit Server VM (11.0.8+10-b944.6842174, mixed mode, tiered, compressed oops, g1 gc, windows-amd64)
Heap:
 garbage-first heap   total 458752K, used 281597K [0x0000000080000000, 0x0000000100000000)
  region size 1024K, 129 young (132096K), 1 survivors (1024K)
 Metaspace       used 132457K, capacity 135660K, committed 136060K, reserved 1167360K
  class space    used 15971K, capacity 17182K, committed 17408K, reserved 1048576K
GC Heap History (20 events):
Event: 6788.036 GC heap before
{Heap before GC invocations=215 (full 0):
 garbage-first heap   total 414720K, used 339173K [0x0000000080000000, 0x0000000100000000)
  region size 1024K, 216 young (221184K), 1 survivors (1024K)
 Metaspace       used 131309K, capacity 134377K, committed 135036K, reserved 1167360K
  class space    used 15910K, capacity 17065K, committed 17408K, reserved 1048576K
}
Event: 6788.066 GC heap after
{Heap after GC invocations=216 (full 0):
 garbage-first heap   total 414720K, used 122922K [0x0000000080000000, 0x0000000100000000)
  region size 1024K, 5 young (5120K), 5 survivors (5120K)
 Metaspace       used 131309K, capacity 134377K, committed 135036K, reserved 1167360K
  class space    used 15910K, capacity 17065K, committed 17408K, reserved 1048576K
}
Event: 6789.247 GC heap before
{Heap before GC invocations=217 (full 0):
 garbage-first heap   total 414720K, used 335914K [0x0000000080000000, 0x0000000100000000)
  region size 1024K, 220 young (225280K), 5 survivors (5120K)
 Metaspace       used 131310K, capacity 134377K, committed 135036K, reserved 1167360K
  class space    used 15910K, capacity 17065K, committed 17408K, reserved 1048576K
}
Event: 6789.259 GC heap after
{Heap after GC invocations=218 (full 0):
 garbage-first heap   total 414720K, used 116733K [0x0000000080000000, 0x0000000100000000)
  region size 1024K, 6 young (6144K), 6 survivors (6144K)
 Metaspace       used 131310K, capacity 134377K, committed 135036K, reserved 1167360K
  class space    used 15910K, capacity 17065K, committed 17408K, reserved 1048576K
}
Event: 6789.320 GC heap before
{Heap before GC invocations=218 (full 0):
 garbage-first heap   total 414720K, used 131069K [0x0000000080000000, 0x0000000100000000)
  region size 1024K, 20 young (20480K), 6 survivors (6144K)
 Metaspace       used 131310K, capacity 134377K, committed 135036K, reserved 1167360K
  class space    used 15910K, capacity 17065K, committed 17408K, reserved 1048576K
}
Event: 6789.326 GC heap after
{Heap after GC invocations=219 (full 0):
 garbage-first heap   total 414720K, used 111898K [0x0000000080000000, 0x0000000100000000)
  region size 1024K, 1 young (1024K), 1 survivors (1024K)
 Metaspace       used 131310K, capacity 134377K, committed 135036K, reserved 1167360K
  class space    used 15910K, capacity 17065K, committed 17408K, reserved 1048576K
}
Event: 6791.900 GC heap before
{Heap before GC invocations=219 (full 0):
 garbage-first heap   total 414720K, used 222490K [0x0000000080000000, 0x0000000100000000)
  region size 1024K, 110 young (112640K), 1 survivors (1024K)
 Metaspace       used 131349K, capacity 134394K, committed 135036K, reserved 1167360K
  class space    used 15910K, capacity 17066K, committed 17408K, reserved 1048576K
}
Event: 6791.905 GC heap after
{Heap after GC invocations=220 (full 0):
 garbage-first heap   total 414720K, used 112156K [0x0000000080000000, 0x0000000100000000)
  region size 1024K, 2 young (2048K), 2 survivors (2048K)
 Metaspace       used 131349K, capacity 134394K, committed 135036K, reserved 1167360K
  class space    used 15910K, capacity 17066K, committed 17408K, reserved 1048576K
}
Event: 6795.168 GC heap before
{Heap before GC invocations=221 (full 0):
 garbage-first heap   total 414720K, used 385564K [0x0000000080000000, 0x0000000100000000)
  region size 1024K, 232 young (237568K), 2 survivors (2048K)
 Metaspace       used 131641K, capacity 134668K, committed 135292K, reserved 1167360K
  class space    used 15916K, capacity 17068K, committed 17408K, reserved 1048576K
}
Event: 6795.343 GC heap after
{Heap after GC invocations=222 (full 0):
 garbage-first heap   total 458752K, used 205140K [0x0000000080000000, 0x0000000100000000)
  region size 1024K, 29 young (29696K), 29 survivors (29696K)
 Metaspace       used 131641K, capacity 134668K, committed 135292K, reserved 1167360K
  class space    used 15916K, capacity 17068K, committed 17408K, reserved 1048576K
}
Event: 6795.418 GC heap before
{Heap before GC invocations=222 (full 0):
 garbage-first heap   total 458752K, used 206164K [0x0000000080000000, 0x0000000100000000)
  region size 1024K, 30 young (30720K), 29 survivors (29696K)
 Metaspace       used 131641K, capacity 134668K, committed 135292K, reserved 1167360K
  class space    used 15916K, capacity 17068K, committed 17408K, reserved 1048576K
}
Event: 6795.529 GC heap after
{Heap after GC invocations=223 (full 0):
 garbage-first heap   total 458752K, used 206848K [0x0000000080000000, 0x0000000100000000)
  region size 1024K, 2 young (2048K), 2 survivors (2048K)
 Metaspace       used 131641K, capacity 134668K, committed 135292K, reserved 1167360K
  class space    used 15916K, capacity 17068K, committed 17408K, reserved 1048576K
}
Event: 6795.552 GC heap before
{Heap before GC invocations=223 (full 0):
 garbage-first heap   total 458752K, used 207872K [0x0000000080000000, 0x0000000100000000)
  region size 1024K, 4 young (4096K), 2 survivors (2048K)
 Metaspace       used 131643K, capacity 134668K, committed 135292K, reserved 1167360K
  class space    used 15916K, capacity 17068K, committed 17408K, reserved 1048576K
}
Event: 6795.564 GC heap after
{Heap after GC invocations=224 (full 0):
 garbage-first heap   total 458752K, used 206260K [0x0000000080000000, 0x0000000100000000)
  region size 1024K, 2 young (2048K), 2 survivors (2048K)
 Metaspace       used 131643K, capacity 134668K, committed 135292K, reserved 1167360K
  class space    used 15916K, capacity 17068K, committed 17408K, reserved 1048576K
}
Event: 6799.002 GC heap before
{Heap before GC invocations=225 (full 0):
 garbage-first heap   total 458752K, used 382388K [0x0000000080000000, 0x0000000100000000)
  region size 1024K, 157 young (160768K), 2 survivors (2048K)
 Metaspace       used 132108K, capacity 135173K, committed 135548K, reserved 1167360K
  class space    used 15939K, capacity 17107K, committed 17408K, reserved 1048576K
}
Event: 6799.027 GC heap after
{Heap after GC invocations=226 (full 0):
 garbage-first heap   total 458752K, used 221273K [0x0000000080000000, 0x0000000100000000)
  region size 1024K, 13 young (13312K), 13 survivors (13312K)
 Metaspace       used 132108K, capacity 135173K, committed 135548K, reserved 1167360K
  class space    used 15939K, capacity 17107K, committed 17408K, reserved 1048576K
}
Event: 6799.395 GC heap before
{Heap before GC invocations=226 (full 0):
 garbage-first heap   total 458752K, used 230489K [0x0000000080000000, 0x0000000100000000)
  region size 1024K, 22 young (22528K), 13 survivors (13312K)
 Metaspace       used 132200K, capacity 135274K, committed 135804K, reserved 1167360K
  class space    used 15942K, capacity 17141K, committed 17408K, reserved 1048576K
}
Event: 6799.414 GC heap after
{Heap after GC invocations=227 (full 0):
 garbage-first heap   total 458752K, used 220725K [0x0000000080000000, 0x0000000100000000)
  region size 1024K, 2 young (2048K), 2 survivors (2048K)
 Metaspace       used 132200K, capacity 135274K, committed 135804K, reserved 1167360K
  class space    used 15942K, capacity 17141K, committed 17408K, reserved 1048576K
}
Event: 6801.959 GC heap before
{Heap before GC invocations=227 (full 0):
 garbage-first heap   total 458752K, used 228917K [0x0000000080000000, 0x0000000100000000)
  region size 1024K, 11 young (11264K), 2 survivors (2048K)
 Metaspace       used 132309K, capacity 135450K, committed 135804K, reserved 1167360K
  class space    used 15953K, capacity 17153K, committed 17408K, reserved 1048576K
}
Event: 6801.967 GC heap after
{Heap after GC invocations=228 (full 0):
 garbage-first heap   total 458752K, used 220157K [0x0000000080000000, 0x0000000100000000)
  region size 1024K, 1 young (1024K), 1 survivors (1024K)
 Metaspace       used 132309K, capacity 135450K, committed 135804K, reserved 1167360K
  class space    used 15953K, capacity 17153K, committed 17408K, reserved 1048576K
}

